{"/home/lucasdemoraes/reps/dsm/server/src/app.ts": {"path":"/home/lucasdemoraes/reps/dsm/server/src/app.ts","statementMap":{"0":{"start":{"line":1,"column":0},"end":{"line":1,"column":65}},"1":{"start":{"line":2,"column":0},"end":{"line":2,"column":60}},"2":{"start":{"line":4,"column":25},"end":{"line":4,"column":34}},"3":{"start":{"line":6,"column":0},"end":{"line":6,"column":30}},"4":{"start":{"line":8,"column":0},"end":{"line":10,"column":null}},"5":{"start":{"line":9,"column":2},"end":{"line":9,"column":47}},"6":{"start":{"line":12,"column":0},"end":{"line":12,"column":19}}},"fnMap":{"0":{"name":"(anonymous_1)","decl":{"start":{"line":8,"column":13},"end":{"line":8,"column":14}},"loc":{"start":{"line":8,"column":51},"end":{"line":10,"column":1}}}},"branchMap":{},"s":{"0":2,"1":2,"2":2,"3":2,"4":2,"5":1,"6":2},"f":{"0":1},"b":{}}
,"/home/lucasdemoraes/reps/dsm/server/src/routes/user.routes.ts": {"path":"/home/lucasdemoraes/reps/dsm/server/src/routes/user.routes.ts","statementMap":{"0":{"start":{"line":1,"column":0},"end":{"line":1,"column":52}},"1":{"start":{"line":3,"column":15},"end":{"line":3,"column":23}},"2":{"start":{"line":10,"column":9},"end":{"line":10,"column":15}},"3":{"start":{"line":5,"column":0},"end":{"line":8,"column":3}},"4":{"start":{"line":6,"column":16},"end":{"line":6,"column":52}},"5":{"start":{"line":7,"column":2},"end":{"line":7,"column":30}}},"fnMap":{"0":{"name":"(anonymous_0)","decl":{"start":{"line":5,"column":16},"end":{"line":5,"column":17}},"loc":{"start":{"line":5,"column":54},"end":{"line":8,"column":1}}}},"branchMap":{},"s":{"0":2,"1":2,"2":2,"3":2,"4":1,"5":1},"f":{"0":1},"b":{}}
}
